  Error.cpp
  FST.cpp
D:\3sem\КПО\лр21\Lab21\Lab21\FST.cpp(62,37): warning C4267: инициализация: преобразование из "size_t" в "short"; возможна потеря данных
  GRB.cpp
  In.cpp
  IT.cpp
D:\3sem\КПО\лр21\Lab21\Lab21\IT.cpp(79,36): warning C4267: =: преобразование из "size_t" в "unsigned char"; возможна потеря данных
D:\3sem\КПО\лр21\Lab21\Lab21\IT.cpp(99,36): warning C4267: =: преобразование из "size_t" в "unsigned char"; возможна потеря данных
  Lab21.cpp
  LexAnalysis.cpp
D:\3sem\КПО\лр21\Lab21\Lab21\LexAnalysis.cpp(80,21): warning C4305: =: усечение из "int" в "char"
D:\3sem\КПО\лр21\Lab21\Lab21\LexAnalysis.cpp(80,17): warning C4309: =: усечение константного значения
  Log.cpp
  LT.cpp
  MFST.cpp
D:\3sem\КПО\лр21\Lab21\Lab21\MFST.cpp(236,68): warning C4267: =: преобразование из "size_t" в "short"; возможна потеря данных
  Out.cpp
  Parm.cpp
  Создание кода...
D:\3sem\КПО\лр21\Lab21\Lab21\LT.cpp(23): warning C4715: LT::LexTable::GetEntry: значение возвращается не при всех путях выполнения
D:\3sem\КПО\лр21\Lab21\Lab21\IT.cpp(160): warning C4715: IT::IdTable::GetEntry: значение возвращается не при всех путях выполнения
D:\3sem\КПО\лр21\Lab21\Lab21\IT.cpp(196): warning C4172: возвращение адреса локальной или временной переменной : tempBuf
  Lab21.vcxproj -> D:\3sem\КПО\лр21\Lab21\Debug\Lab21.exe
