n:\lab20\lab20\lab20\debug\vc143.pdb
n:\lab20\lab20\lab20\debug\vc143.idb
n:\lab20\lab20\lab20\debug\lexanalysis.obj
n:\lab20\lab20\lab20\debug\parm.obj
n:\lab20\lab20\lab20\debug\out.obj
n:\lab20\lab20\lab20\debug\lt.obj
n:\lab20\lab20\lab20\debug\log.obj
n:\lab20\lab20\lab20\debug\lab20.obj
n:\lab20\lab20\lab20\debug\it.obj
n:\lab20\lab20\lab20\debug\in.obj
n:\lab20\lab20\lab20\debug\fst.obj
n:\lab20\lab20\lab20\debug\error.obj
n:\lab20\lab20\lab20\debug\lab20.ilk
n:\lab20\lab20\debug\lab20.exe
n:\lab20\lab20\debug\lab20.pdb
n:\lab20\lab20\lab20\debug\lab20.tlog\cl.command.1.tlog
n:\lab20\lab20\lab20\debug\lab20.tlog\cl.read.1.tlog
n:\lab20\lab20\lab20\debug\lab20.tlog\cl.write.1.tlog
n:\lab20\lab20\lab20\debug\lab20.tlog\link.command.1.tlog
n:\lab20\lab20\lab20\debug\lab20.tlog\link.read.1.tlog
n:\lab20\lab20\lab20\debug\lab20.tlog\link.write.1.tlog
