d:\3sem\кпо\лр20\lab20\lab20\debug\vc143.pdb
d:\3sem\кпо\лр20\lab20\lab20\debug\vc143.idb
d:\3sem\кпо\лр20\lab20\lab20\debug\lexanalysis.obj
d:\3sem\кпо\лр20\lab20\lab20\debug\parm.obj
d:\3sem\кпо\лр20\lab20\lab20\debug\out.obj
d:\3sem\кпо\лр20\lab20\lab20\debug\lt.obj
d:\3sem\кпо\лр20\lab20\lab20\debug\log.obj
d:\3sem\кпо\лр20\lab20\lab20\debug\lab20.obj
d:\3sem\кпо\лр20\lab20\lab20\debug\it.obj
d:\3sem\кпо\лр20\lab20\lab20\debug\in.obj
d:\3sem\кпо\лр20\lab20\lab20\debug\fst.obj
d:\3sem\кпо\лр20\lab20\lab20\debug\error.obj
d:\3sem\кпо\лр20\lab20\debug\lab20.exe
d:\3sem\кпо\лр20\lab20\lab20\debug\lab20.ilk
d:\3sem\кпо\лр20\lab20\debug\lab20.pdb
d:\3sem\кпо\лр20\lab20\lab20\debug\it1.obj
d:\3sem\кпо\лр20\lab20\lab20\debug\lt1.obj
d:\3sem\кпо\лр20\lab20\lab20\debug\token-division.obj
d:\3sem\кпо\лр20\lab20\lab20\debug\vc142.idb
d:\3sem\кпо\лр20\lab20\lab20\debug\vc142.pdb
d:\3sem\кпо\лр20\lab20\lab20\debug\lab20.tlog\cl.command.1.tlog
d:\3sem\кпо\лр20\lab20\lab20\debug\lab20.tlog\cl.read.1.tlog
d:\3sem\кпо\лр20\lab20\lab20\debug\lab20.tlog\cl.write.1.tlog
d:\3sem\кпо\лр20\lab20\lab20\debug\lab20.tlog\link.command.1.tlog
d:\3sem\кпо\лр20\lab20\lab20\debug\lab20.tlog\link.read.1.tlog
d:\3sem\кпо\лр20\lab20\lab20\debug\lab20.tlog\link.write.1.tlog
